<?xml version="1.0" encoding="UTF-8"?>
<testng-results ignored="0" total="1" passed="1" failed="0" skipped="0">
  <reporter-output>
  </reporter-output>
  <suite started-at="2025-03-28T12:38:57 EDT" name="Default suite" finished-at="2025-03-28T12:39:21 EDT" duration-ms="23922">
    <groups>
    </groups>
    <test started-at="2025-03-28T12:38:57 EDT" name="Default test" finished-at="2025-03-28T12:39:21 EDT" duration-ms="23922">
      <class name="tutorialsninja.register.TC_RF_010">
        <test-method signature="verifyRegisteringAccountUsingInvalidEmail()[pri:0, instance:tutorialsninja.register.TC_RF_010@8f4ea7c]" started-at="2025-03-28T12:38:57 EDT" name="verifyRegisteringAccountUsingInvalidEmail" finished-at="2025-03-28T12:39:21 EDT" duration-ms="23872" status="PASS">
          <reporter-output>
          </reporter-output>
        </test-method> <!-- verifyRegisteringAccountUsingInvalidEmail -->
      </class> <!-- tutorialsninja.register.TC_RF_010 -->
    </test> <!-- Default test -->
  </suite> <!-- Default suite -->
</testng-results>
